Change Component Designator: Old Designator=D? New Designator=D1
Change Component Designator: Old Designator=D? New Designator=D2
Change Component Designator: Old Designator=D? New Designator=D3
Change Component Designator: Old Designator=D? New Designator=D4
Change Component Designator: Old Designator=D? New Designator=D5
Change Component Designator: Old Designator=D? New Designator=D6
Change Component Designator: Old Designator=D? New Designator=D7
Change Component Designator: Old Designator=D? New Designator=D8
Change Component Designator: Old Designator=L? New Designator=L1
Change Component Designator: Old Designator=L? New Designator=L2
Change Component Designator: Old Designator=M? New Designator=M1
Change Component Designator: Old Designator=R? New Designator=R1
Change Component Designator: Old Designator=R? New Designator=R2
Change Component Designator: Old Designator=R? New Designator=R3
Change Component Designator: Old Designator=R? New Designator=R4
Change Component Designator: Old Designator=R? New Designator=R5
Change Component Designator: Old Designator=R? New Designator=R6
Change Component Designator: Old Designator=R? New Designator=R7
Change Component Designator: Old Designator=R? New Designator=R8
Change Component Designator: Old Designator=R? New Designator=R9
Change Component Designator: Old Designator=R? New Designator=R10
Change Component Designator: Old Designator=R? New Designator=R11
Change Component Designator: Old Designator=R? New Designator=R12
Change Component Designator: Old Designator=R? New Designator=R13
Change Component Designator: Old Designator=R? New Designator=R14
Change Component Designator: Old Designator=R? New Designator=R15
Change Component Designator: Old Designator=R? New Designator=R16
Change Component Designator: Old Designator=R? New Designator=R17
Change Component Designator: Old Designator=R? New Designator=R18
Change Component Designator: Old Designator=R? New Designator=R19
Change Component Designator: Old Designator=R? New Designator=R20
Change Component Designator: Old Designator=R? New Designator=R21
Change Component Designator: Old Designator=T? New Designator=T1
Change Component Designator: Old Designator=VD? New Designator=VD1
Change Component Designator: Old Designator=X? New Designator=X1
Change Component Designator: Old Designator=XP? New Designator=XP1
Change Component Designator: Old Designator=XP? New Designator=XP2
Change Component Designator: Old Designator=XP? New Designator=XP3
Change Component Designator: Old Designator=Ñ? New Designator=Ñ1
Change Component Designator: Old Designator=Ñ? New Designator=Ñ2
Change Component Designator: Old Designator=Ñ? New Designator=Ñ3
Change Component Designator: Old Designator=Ñ? New Designator=Ñ4
Change Component Designator: Old Designator=Ñ? New Designator=Ñ5
Change Component Designator: Old Designator=Ñ? New Designator=Ñ6
Change Component Designator: Old Designator=Ñ? New Designator=Ñ7
Change Component Designator: Old Designator=Ñ? New Designator=Ñ8
Change Component Designator: Old Designator=Ñ? New Designator=Ñ9
Change Component Designator: Old Designator=Ñ? New Designator=Ñ10
Change Component Designator: Old Designator=Ñ? New Designator=Ñ11
Change Component Designator: Old Designator=Ñ? New Designator=Ñ12
Change Component Designator: Old Designator=Ñ? New Designator=Ñ13
Change Component Designator: Old Designator=Ñ? New Designator=Ñ14
Change Component Designator: Old Designator=Ñ? New Designator=Ñ15
Change Component Designator: Old Designator=Ñ? New Designator=Ñ16
Change Component Designator: Old Designator=Ñ? New Designator=Ñ17
Change Component Designator: Old Designator=Ñ? New Designator=Ñ18
Change Component Designator: Old Designator=Ñ? New Designator=Ñ19
Change Component Designator: Old Designator=Ñ? New Designator=Ñ20
Change Component Designator: Old Designator=Ñ? New Designator=Ñ21
Change Component Designator: Old Designator=Ñ? New Designator=Ñ22
Change Component Designator: Old Designator=Ñ? New Designator=Ñ23
Change Component Designator: Old Designator=Ñ? New Designator=Ñ24
Change Component Designator: Old Designator=Ñ? New Designator=Ñ25
Change Component Designator: Old Designator=Ñ? New Designator=Ñ26
Change Component Designator: Old Designator=Ñ? New Designator=Ñ27
Change Component Designator: Old Designator=Ñ? New Designator=Ñ28
Change Component Designator: Old Designator=Ñ? New Designator=Ñ29
Change Component Designator: Old Designator=Ñ? New Designator=Ñ30
Change Component Designator: Old Designator=Ñ? New Designator=Ñ31
Change Component Designator: Old Designator=Ñ? New Designator=Ñ32
Change Component Designator: Old Designator=Ñ? New Designator=Ñ33
Change Component Designator: Old Designator=Ñ? New Designator=Ñ34
Change Component Designator: Old Designator=Ñ? New Designator=Ñ35
Change Component Designator: Old Designator=Ñ? New Designator=Ñ36
Change Component Designator: Old Designator=Ñ? New Designator=Ñ37
Change Component Designator: Old Designator=Ñ? New Designator=Ñ38
Change Component Designator: Old Designator=Ñ? New Designator=Ñ39
Change Component Designator: Old Designator=Ñ? New Designator=Ñ40
Change Component Designator: Old Designator=Ñ? New Designator=Ñ41
Change Component Designator: Old Designator=Ñ? New Designator=Ñ42
Change Component Designator: Old Designator=Ñ? New Designator=Ñ43
Change Component Designator: Old Designator=Ñ? New Designator=Ñ44
Change Component Designator: Old Designator=Ñ? New Designator=Ñ45
Change Component Designator: Old Designator=Ñ? New Designator=Ñ46
Change Component Designator: Old Designator=Ñ? New Designator=Ñ47
Change Component Designator: Old Designator=Ñ? New Designator=Ñ48
