Added Component: Designator=D1(SOT-223)
Added Component: Designator=D2(SOT-223)
Added Component: Designator=D3(SOT-223)
Added Component: Designator=D4(SOIC-8)
Added Component: Designator=D5(SOP-8)
Added Component: Designator=D6(TO-252)
Added Component: Designator=D7(SOP-8)
Added Component: Designator=D8(SOP-8)
Added Component: Designator=L1(FERRITE0603)
Add component (AddParameter): Name = "value"; Value = "200 ל"; VariantName = "[No Variations]"
Added Component: Designator=L2(FERRITE0603)
Add component (AddParameter): Name = "value"; Value = "200 ל"; VariantName = "[No Variations]"
Added Component: Designator=M1(QFN-128)
Added Component: Designator=R1(RES0603)
Add component (AddParameter): Name = "Value"; Value = "50 ל"; VariantName = "[No Variations]"
Added Component: Designator=R2(RES0603)
Add component (AddParameter): Name = "Value"; Value = "1.5 ךל"; VariantName = "[No Variations]"
Added Component: Designator=R3(RES0603)
Add component (AddParameter): Name = "Value"; Value = "1.5 ךל"; VariantName = "[No Variations]"
Added Component: Designator=R4(RES0603)
Add component (AddParameter): Name = "Value"; Value = "50 ל"; VariantName = "[No Variations]"
Added Component: Designator=R5(RES0603)
Add component (AddParameter): Name = "Value"; Value = "50 ל"; VariantName = "[No Variations]"
Added Component: Designator=R6(RES0603)
Add component (AddParameter): Name = "Value"; Value = "50 ל"; VariantName = "[No Variations]"
Added Component: Designator=R7(RES0603)
Add component (AddParameter): Name = "Value"; Value = "0 ל"; VariantName = "[No Variations]"
Added Component: Designator=R8(RES0603)
Add component (AddParameter): Name = "Value"; Value = "125 ל"; VariantName = "[No Variations]"
Added Component: Designator=R9(RES0603)
Add component (AddParameter): Name = "Value"; Value = "55 ל"; VariantName = "[No Variations]"
Added Component: Designator=R10(RES0603)
Add component (AddParameter): Name = "Value"; Value = "164 ל"; VariantName = "[No Variations]"
Added Component: Designator=R11(RES0603)
Add component (AddParameter): Name = "Value"; Value = "125 ל"; VariantName = "[No Variations]"
Added Component: Designator=R12(RES0603)
Add component (AddParameter): Name = "Value"; Value = "25 ל"; VariantName = "[No Variations]"
Added Component: Designator=R13(RES0603)
Add component (AddParameter): Name = "Value"; Value = "125 ל"; VariantName = "[No Variations]"
Added Component: Designator=R14(RES0603)
Add component (AddParameter): Name = "Value"; Value = "75 ל"; VariantName = "[No Variations]"
Added Component: Designator=R15(RES0603)
Add component (AddParameter): Name = "Value"; Value = "75 ל"; VariantName = "[No Variations]"
Added Component: Designator=R16(RES0603)
Add component (AddParameter): Name = "Value"; Value = "10 ךל"; VariantName = "[No Variations]"
Added Component: Designator=R17(RES0603)
Add component (AddParameter): Name = "Value"; Value = "10 ךל"; VariantName = "[No Variations]"
Added Component: Designator=R18(RES0603)
Add component (AddParameter): Name = "Value"; Value = "100 ךל"; VariantName = "[No Variations]"
Added Component: Designator=R19(RES0603)
Add component (AddParameter): Name = "Value"; Value = "12.5 ךל"; VariantName = "[No Variations]"
Added Component: Designator=R20(RES0603)
Add component (AddParameter): Name = "Value"; Value = "100 ךל"; VariantName = "[No Variations]"
Added Component: Designator=R21(RES0603)
Add component (AddParameter): Name = "Value"; Value = "37.5 ךל"; VariantName = "[No Variations]"
Added Component: Designator=T1(H1012NL)
Added Component: Designator=XP2(J2)
Added Component: Designator=XP3(FFC_FPC 16pin)
Added Component: Designator=1(CAP0603)
Add component (AddParameter): Name = "Value"; Value = "0.1 לך"; VariantName = "[No Variations]"
Add component (AddParameter): Name = "Voltage"; Value = "10 "; VariantName = "[No Variations]"
Added Component: Designator=2(CAP0603)
Add component (AddParameter): Name = "Value"; Value = "0.01 לך"; VariantName = "[No Variations]"
Add component (AddParameter): Name = "Voltage"; Value = "20 "; VariantName = "[No Variations]"
Added Component: Designator=3(CAP0603)
Add component (AddParameter): Name = "Value"; Value = "0.01 לך"; VariantName = "[No Variations]"
Add component (AddParameter): Name = "Voltage"; Value = "20 "; VariantName = "[No Variations]"
Added Component: Designator=4(CAP0603)
Add component (AddParameter): Name = "Value"; Value = "0.1 לך"; VariantName = "[No Variations]"
Add component (AddParameter): Name = "Voltage"; Value = "10 "; VariantName = "[No Variations]"
Added Component: Designator=5(CAP0603)
Add component (AddParameter): Name = "Value"; Value = "0.1 לך"; VariantName = "[No Variations]"
Add component (AddParameter): Name = "Voltage"; Value = "10 "; VariantName = "[No Variations]"
Added Component: Designator=6(CAP0603)
Add component (AddParameter): Name = "Value"; Value = "1 לך"; VariantName = "[No Variations]"
Add component (AddParameter): Name = "Voltage"; Value = "10 "; VariantName = "[No Variations]"
Added Component: Designator=7(CAP0603)
Add component (AddParameter): Name = "Value"; Value = "1000 ן"; VariantName = "[No Variations]"
Add component (AddParameter): Name = "Voltage"; Value = "20 "; VariantName = "[No Variations]"
Added Component: Designator=8(CAP0603)
Add component (AddParameter): Name = "Value"; Value = "1000 ן"; VariantName = "[No Variations]"
Add component (AddParameter): Name = "Voltage"; Value = "20 "; VariantName = "[No Variations]"
Added Component: Designator=9(CAP0603)
Add component (AddParameter): Name = "Value"; Value = "1 לך"; VariantName = "[No Variations]"
Add component (AddParameter): Name = "Voltage"; Value = "10 "; VariantName = "[No Variations]"
Added Component: Designator=10(CAP0603)
Add component (AddParameter): Name = "Value"; Value = "10 לך"; VariantName = "[No Variations]"
Add component (AddParameter): Name = "Voltage"; Value = "10 "; VariantName = "[No Variations]"
Added Component: Designator=11(CAP0603)
Add component (AddParameter): Name = "Value"; Value = "10 לך"; VariantName = "[No Variations]"
Add component (AddParameter): Name = "Voltage"; Value = "10 "; VariantName = "[No Variations]"
Added Component: Designator=12(CAP0603)
Add component (AddParameter): Name = "Value"; Value = "10 לך"; VariantName = "[No Variations]"
Add component (AddParameter): Name = "Voltage"; Value = "10 "; VariantName = "[No Variations]"
Added Component: Designator=13(TANTAL A)
Add component (AddParameter): Name = "Power"; Value = "10 "; VariantName = "[No Variations]"
Add component (AddParameter): Name = "Value"; Value = "10 לך"; VariantName = "[No Variations]"
Added Component: Designator=14(CAP0603)
Add component (AddParameter): Name = "Value"; Value = "1000 ן"; VariantName = "[No Variations]"
Add component (AddParameter): Name = "Voltage"; Value = "2000 "; VariantName = "[No Variations]"
Added Component: Designator=15(CAP0603)
Add component (AddParameter): Name = "Value"; Value = "1 לך"; VariantName = "[No Variations]"
Add component (AddParameter): Name = "Voltage"; Value = "10 "; VariantName = "[No Variations]"
Added Component: Designator=16(CAP0603)
Add component (AddParameter): Name = "Value"; Value = "1000 ן"; VariantName = "[No Variations]"
Add component (AddParameter): Name = "Voltage"; Value = "2000 "; VariantName = "[No Variations]"
Added Component: Designator=17(CAP0603)
Add component (AddParameter): Name = "Value"; Value = "20 לך"; VariantName = "[No Variations]"
Add component (AddParameter): Name = "Voltage"; Value = "10 "; VariantName = "[No Variations]"
Added Component: Designator=18(CAP0603)
Add component (AddParameter): Name = "Value"; Value = "0.33 לך"; VariantName = "[No Variations]"
Add component (AddParameter): Name = "Voltage"; Value = "10 "; VariantName = "[No Variations]"
Added Component: Designator=20(CAP0603)
Add component (AddParameter): Name = "Value"; Value = "1 לך"; VariantName = "[No Variations]"
Add component (AddParameter): Name = "Voltage"; Value = "10 "; VariantName = "[No Variations]"
Added Component: Designator=21(CAP0603)
Add component (AddParameter): Name = "Value"; Value = "20 לך"; VariantName = "[No Variations]"
Add component (AddParameter): Name = "Voltage"; Value = "10 "; VariantName = "[No Variations]"
Added Component: Designator=22(CAP0603)
Add component (AddParameter): Name = "Value"; Value = "0.1 לך"; VariantName = "[No Variations]"
Add component (AddParameter): Name = "Voltage"; Value = "10 "; VariantName = "[No Variations]"
Added Component: Designator=23(CAP0603)
Add component (AddParameter): Name = "Value"; Value = "20 לך"; VariantName = "[No Variations]"
Add component (AddParameter): Name = "Voltage"; Value = "10 "; VariantName = "[No Variations]"
Added Component: Designator=24(CAP0603)
Add component (AddParameter): Name = "Value"; Value = "20 לך"; VariantName = "[No Variations]"
Add component (AddParameter): Name = "Voltage"; Value = "10 "; VariantName = "[No Variations]"
Added Component: Designator=25(CAP0603)
Add component (AddParameter): Name = "Value"; Value = "0.1 לך"; VariantName = "[No Variations]"
Add component (AddParameter): Name = "Voltage"; Value = "10 "; VariantName = "[No Variations]"
Added Component: Designator=26(CAP0603)
Add component (AddParameter): Name = "Value"; Value = "0.1 לך"; VariantName = "[No Variations]"
Add component (AddParameter): Name = "Voltage"; Value = "10 "; VariantName = "[No Variations]"
Added Component: Designator=27(CAP0603)
Add component (AddParameter): Name = "Value"; Value = "0.1 לך"; VariantName = "[No Variations]"
Add component (AddParameter): Name = "Voltage"; Value = "10 "; VariantName = "[No Variations]"
Added Component: Designator=28(CAP0603)
Add component (AddParameter): Name = "Value"; Value = "0.1 לך"; VariantName = "[No Variations]"
Add component (AddParameter): Name = "Voltage"; Value = "10 "; VariantName = "[No Variations]"
Added Component: Designator=29(CAP0603)
Add component (AddParameter): Name = "Value"; Value = "0.1 לך"; VariantName = "[No Variations]"
Add component (AddParameter): Name = "Voltage"; Value = "10 "; VariantName = "[No Variations]"
Added Component: Designator=30(CAP0603)
Add component (AddParameter): Name = "Value"; Value = "0.1 לך"; VariantName = "[No Variations]"
Add component (AddParameter): Name = "Voltage"; Value = "10 "; VariantName = "[No Variations]"
Added Component: Designator=31(CAP0603)
Add component (AddParameter): Name = "Value"; Value = "0.1 לך"; VariantName = "[No Variations]"
Add component (AddParameter): Name = "Voltage"; Value = "10 "; VariantName = "[No Variations]"
Added Component: Designator=32(CAP0603)
Add component (AddParameter): Name = "Value"; Value = "0.1 לך"; VariantName = "[No Variations]"
Add component (AddParameter): Name = "Voltage"; Value = "10 "; VariantName = "[No Variations]"
Added Component: Designator=33(CAP0603)
Add component (AddParameter): Name = "Value"; Value = "0.1 לך"; VariantName = "[No Variations]"
Add component (AddParameter): Name = "Voltage"; Value = "10 "; VariantName = "[No Variations]"
Added Component: Designator=34(CAP0603)
Add component (AddParameter): Name = "Value"; Value = "0.1 לך"; VariantName = "[No Variations]"
Add component (AddParameter): Name = "Voltage"; Value = "10 "; VariantName = "[No Variations]"
Added Component: Designator=35(CAP0603)
Add component (AddParameter): Name = "Value"; Value = "0.1 לך"; VariantName = "[No Variations]"
Add component (AddParameter): Name = "Voltage"; Value = "10 "; VariantName = "[No Variations]"
Added Component: Designator=36(CAP0603)
Add component (AddParameter): Name = "Value"; Value = "0.1 לך"; VariantName = "[No Variations]"
Add component (AddParameter): Name = "Voltage"; Value = "10 "; VariantName = "[No Variations]"
Added Component: Designator=37(CAP0603)
Add component (AddParameter): Name = "Value"; Value = "0.1 לך"; VariantName = "[No Variations]"
Add component (AddParameter): Name = "Voltage"; Value = "10 "; VariantName = "[No Variations]"
Added Component: Designator=38(CAP0603)
Add component (AddParameter): Name = "Value"; Value = "0.1 לך"; VariantName = "[No Variations]"
Add component (AddParameter): Name = "Voltage"; Value = "10 "; VariantName = "[No Variations]"
Added Component: Designator=39(CAP0603)
Add component (AddParameter): Name = "Value"; Value = "0.1 לך"; VariantName = "[No Variations]"
Add component (AddParameter): Name = "Voltage"; Value = "10 "; VariantName = "[No Variations]"
Added Component: Designator=40(CAP0603)
Add component (AddParameter): Name = "Value"; Value = "0.1 לך"; VariantName = "[No Variations]"
Add component (AddParameter): Name = "Voltage"; Value = "10 "; VariantName = "[No Variations]"
Added Component: Designator=41(CAP0603)
Add component (AddParameter): Name = "Value"; Value = "0.1 לך"; VariantName = "[No Variations]"
Add component (AddParameter): Name = "Voltage"; Value = "10 "; VariantName = "[No Variations]"
Added Component: Designator=42(CAP0603)
Add component (AddParameter): Name = "Value"; Value = "0.1 לך"; VariantName = "[No Variations]"
Add component (AddParameter): Name = "Voltage"; Value = "10 "; VariantName = "[No Variations]"
Added Component: Designator=43(CAP0603)
Add component (AddParameter): Name = "Value"; Value = "0.1 לך"; VariantName = "[No Variations]"
Add component (AddParameter): Name = "Voltage"; Value = "10 "; VariantName = "[No Variations]"
Added Component: Designator=44(CAP0603)
Add component (AddParameter): Name = "Value"; Value = "0.1 לך"; VariantName = "[No Variations]"
Add component (AddParameter): Name = "Voltage"; Value = "10 "; VariantName = "[No Variations]"
Added Component: Designator=45(CAP0603)
Add component (AddParameter): Name = "Value"; Value = "0.1 לך"; VariantName = "[No Variations]"
Add component (AddParameter): Name = "Voltage"; Value = "10 "; VariantName = "[No Variations]"
Added Component: Designator=66(CAP0603)
Add component (AddParameter): Name = "Value"; Value = "20 ן"; VariantName = "[No Variations]"
Add component (AddParameter): Name = "Voltage"; Value = "10 "; VariantName = "[No Variations]"
Added Component: Designator=67(CAP0603)
Add component (AddParameter): Name = "Value"; Value = "20 ן"; VariantName = "[No Variations]"
Add component (AddParameter): Name = "Voltage"; Value = "10 "; VariantName = "[No Variations]"
Added Component: Designator=71(CAP0603)
Add component (AddParameter): Name = "Value"; Value = "1 לך"; VariantName = "[No Variations]"
Add component (AddParameter): Name = "Voltage"; Value = "10 "; VariantName = "[No Variations]"
Added Pin To Net: NetName=+3.3  Pin=D1-3
Added Pin To Net: NetName=NetD2_1 Pin=D2-1
Added Pin To Net: NetName=+1.5  Pin=D2-2
Added Pin To Net: NetName=+3.3  Pin=D2-3
Added Pin To Net: NetName=+1.5  Pin=D2-4
Added Pin To Net: NetName=+3.3  Pin=D3-3
Added Pin To Net: NetName=+3.3  Pin=D4-1
Added Pin To Net: NetName=+3.3  Pin=D4-2
Added Pin To Net: NetName=GND Pin=D4-3
Added Pin To Net: NetName=+12  Pin=D4-5
Added Pin To Net: NetName=GND Pin=D4-6
Added Pin To Net: NetName=GND Pin=D4-7
Added Pin To Net: NetName=+12  Pin=D4-8
Added Pin To Net: NetName=GND Pin=D5-1
Added Pin To Net: NetName=+0.9  Pin=D5-3
Added Pin To Net: NetName=+0.9  Pin=D5-4
Added Pin To Net: NetName=+1.5  Pin=D5-5
Added Pin To Net: NetName=+12  Pin=D6-1
Added Pin To Net: NetName=GND Pin=D6-2
Added Pin To Net: NetName=GND Pin=D7-1
Added Pin To Net: NetName=+1.5  Pin=D7-5
Added Pin To Net: NetName=FLASH_CS Pin=D8-1
Added Pin To Net: NetName=FLASH_DO Pin=D8-2
Added Pin To Net: NetName=FLASH_WP Pin=D8-3
Added Pin To Net: NetName=GND Pin=D8-4
Added Pin To Net: NetName=FLASH_DI Pin=D8-5
Added Pin To Net: NetName=FLASH_CLK Pin=D8-6
Added Pin To Net: NetName=FLASH_HOLD Pin=D8-7
Added Pin To Net: NetName=AVDD_PM_SPI Pin=D8-8
Added Pin To Net: NetName=+3.3  Pin=L2-1
Added Pin To Net: NetName=ETH_LED0 Pin=M1-21
Added Pin To Net: NetName=ETH_LED1 Pin=M1-22
Added Pin To Net: NetName=VDD_23 Pin=M1-23
Added Pin To Net: NetName=AVDD_ETH Pin=M1-24
Added Pin To Net: NetName=ETH_RD- Pin=M1-25
Added Pin To Net: NetName=ETH_RD+ Pin=M1-26
Added Pin To Net: NetName=ETH_TD- Pin=M1-27
Added Pin To Net: NetName=ETH_TD+ Pin=M1-28
Added Pin To Net: NetName=AVDD_3P3USB Pin=M1-29
Added Pin To Net: NetName=AVDDIO_DRAM Pin=M1-40
Added Pin To Net: NetName=VDDIO_DATA Pin=M1-41
Added Pin To Net: NetName=AVDD_PLL Pin=M1-42
Added Pin To Net: NetName=DVDD_DDR Pin=M1-44
Added Pin To Net: NetName=VDD_45 Pin=M1-45
Added Pin To Net: NetName=VDDIO_DATA Pin=M1-46
Added Pin To Net: NetName=VDD_47 Pin=M1-47
Added Pin To Net: NetName=VDDIO_MCLK Pin=M1-48
Added Pin To Net: NetName=AVDDIO_DRAM Pin=M1-49
Added Pin To Net: NetName=DEBUG_RX Pin=M1-50
Added Pin To Net: NetName=DEBUG_TX Pin=M1-51
Added Pin To Net: NetName=AVDD_NODIE Pin=M1-65
Added Pin To Net: NetName=FLASH_CS Pin=M1-66
Added Pin To Net: NetName=FLASH_CLK Pin=M1-67
Added Pin To Net: NetName=FLASH_DI Pin=M1-68
Added Pin To Net: NetName=FLASH_DO Pin=M1-69
Added Pin To Net: NetName=FLASH_WP Pin=M1-70
Added Pin To Net: NetName=FLASH_HOLD Pin=M1-71
Added Pin To Net: NetName=AVDD_PM_SPI Pin=M1-72
Added Pin To Net: NetName=NetM1_73 Pin=M1-73
Added Pin To Net: NetName=AVDD_RTC Pin=M1-84
Added Pin To Net: NetName=NetM1_85 Pin=M1-85
Added Pin To Net: NetName=NetM1_86 Pin=M1-86
Added Pin To Net: NetName=VDD_87_88 Pin=M1-87
Added Pin To Net: NetName=VDD_87_88 Pin=M1-88
Added Pin To Net: NetName=VDDP_1 Pin=M1-89
Added Pin To Net: NetName=VDD_96 Pin=M1-96
Added Pin To Net: NetName=VDDP_2A Pin=M1-97
Added Pin To Net: NetName=DATA_P Pin=M1-98
Added Pin To Net: NetName=DATA_N Pin=M1-99
Added Pin To Net: NetName=DATA2_P Pin=M1-100
Added Pin To Net: NetName=DATA2_N Pin=M1-101
Added Pin To Net: NetName=DATA3_P Pin=M1-102
Added Pin To Net: NetName=DATA3_N Pin=M1-103
Added Pin To Net: NetName=DATA4_P Pin=M1-104
Added Pin To Net: NetName=DATA4_N Pin=M1-105
Added Pin To Net: NetName=CLK_P Pin=M1-106
Added Pin To Net: NetName=CLK_N Pin=M1-107
Added Pin To Net: NetName=VDD_115 Pin=M1-115
Added Pin To Net: NetName=AVDD_XTAL Pin=M1-116
Added Pin To Net: NetName=VDD_120 Pin=M1-120
Added Pin To Net: NetName=VDDP_0 Pin=M1-127
Added Pin To Net: NetName=GND Pin=M1-129
Added Pin To Net: NetName=ETH_TD+ Pin=R1-1
Added Pin To Net: NetName=VDD_IO Pin=R2-1
Added Pin To Net: NetName=VDD_IO Pin=R3-1
Added Pin To Net: NetName=ETH_TD- Pin=R4-2
Added Pin To Net: NetName=ETH_RD+ Pin=R5-1
Added Pin To Net: NetName=NetR5_2 Pin=R5-2
Added Pin To Net: NetName=NetR5_2 Pin=R6-1
Added Pin To Net: NetName=ETH_RD- Pin=R6-2
Added Pin To Net: NetName=AGND Pin=R7-1
Added Pin To Net: NetName=GND Pin=R7-2
Added Pin To Net: NetName=+1.8  Pin=R8-2
Added Pin To Net: NetName=GND Pin=R9-1
Added Pin To Net: NetName=GND Pin=R10-1
Added Pin To Net: NetName=NetD2_1 Pin=R11-1
Added Pin To Net: NetName=GND Pin=R12-1
Added Pin To Net: NetName=NetD2_1 Pin=R12-2
Added Pin To Net: NetName=+1.5  Pin=R16-2
Added Pin To Net: NetName=+1.5  Pin=R17-2
Added Pin To Net: NetName=GND Pin=R18-2
Added Pin To Net: NetName=+0.9  Pin=R19-2
Added Pin To Net: NetName=GND Pin=R20-2
Added Pin To Net: NetName=ETH_RD+ Pin=T1-1
Added Pin To Net: NetName=ETH_RD- Pin=T1-2
Added Pin To Net: NetName=NetT1_3 Pin=T1-3
Added Pin To Net: NetName=ETH_RX- Pin=T1-6
Added Pin To Net: NetName=ETH_RX+ Pin=T1-7
Added Pin To Net: NetName=ETH_TX+ Pin=T1-10
Added Pin To Net: NetName=ETH_TX- Pin=T1-11
Added Pin To Net: NetName=NetT1_14 Pin=T1-14
Added Pin To Net: NetName=ETH_TD- Pin=T1-15
Added Pin To Net: NetName=ETH_TD+ Pin=T1-16
Added Pin To Net: NetName=GND Pin=XP2-3
Added Pin To Net: NetName=CLK_N Pin=XP3-3
Added Pin To Net: NetName=DATA4_P Pin=XP3-6
Added Pin To Net: NetName=+1.8  Pin=XP3-14
Added Pin To Net: NetName=GND Pin=XP3-16
Added Pin To Net: NetName=GND Pin=XP3-S1
Added Pin To Net: NetName=GND Pin=XP3-S2
Added Pin To Net: NetName=+3.3  Pin=1-1
Added Pin To Net: NetName=GND Pin=1-2
Added Pin To Net: NetName=GND Pin=2-2
Added Pin To Net: NetName=NetR5_2 Pin=3-1
Added Pin To Net: NetName=GND Pin=3-2
Added Pin To Net: NetName=+3.3  Pin=4-1
Added Pin To Net: NetName=GND Pin=4-2
Added Pin To Net: NetName=+3.3  Pin=5-1
Added Pin To Net: NetName=GND Pin=5-2
Added Pin To Net: NetName=+12  Pin=6-1
Added Pin To Net: NetName=GND Pin=6-2
Added Pin To Net: NetName=GND Pin=7-1
Added Pin To Net: NetName=NetT1_14 Pin=7-2
Added Pin To Net: NetName=GND Pin=8-1
Added Pin To Net: NetName=NetT1_3 Pin=8-2
Added Pin To Net: NetName=+3.3  Pin=9-1
Added Pin To Net: NetName=+1.8  Pin=10-1
Added Pin To Net: NetName=GND Pin=10-2
Added Pin To Net: NetName=GND Pin=11-2
Added Pin To Net: NetName=GND Pin=12-2
Added Pin To Net: NetName=+3.3  Pin=13-1
Added Pin To Net: NetName=GND Pin=13-2
Added Pin To Net: NetName=GND Pin=14-2
Added Pin To Net: NetName=GND Pin=15-2
Added Pin To Net: NetName=GND Pin=16-2
Added Pin To Net: NetName=+1.5  Pin=17-1
Added Pin To Net: NetName=GND Pin=17-2
Added Pin To Net: NetName=+12  Pin=18-1
Added Pin To Net: NetName=GND Pin=18-2
Added Pin To Net: NetName=GND Pin=20-2
Added Pin To Net: NetName=+1.5  Pin=21-1
Added Pin To Net: NetName=GND Pin=21-2
Added Pin To Net: NetName=GND Pin=22-2
Added Pin To Net: NetName=+0.9  Pin=23-1
Added Pin To Net: NetName=GND Pin=23-2
Added Pin To Net: NetName=GND Pin=24-2
Added Pin To Net: NetName=+0.9  Pin=25-1
Added Pin To Net: NetName=GND Pin=25-2
Added Pin To Net: NetName=+1.5  Pin=26-1
Added Pin To Net: NetName=GND Pin=26-2
Added Pin To Net: NetName=+0.9  Pin=27-1
Added Pin To Net: NetName=GND Pin=27-2
Added Pin To Net: NetName=+0.9  Pin=28-1
Added Pin To Net: NetName=GND Pin=28-2
Added Pin To Net: NetName=+0.9  Pin=29-1
Added Pin To Net: NetName=GND Pin=29-2
Added Pin To Net: NetName=AGND Pin=30-2
Added Pin To Net: NetName=AGND Pin=31-2
Added Pin To Net: NetName=AGND Pin=32-2
Added Pin To Net: NetName=+1.5  Pin=33-1
Added Pin To Net: NetName=AGND Pin=33-2
Added Pin To Net: NetName=+3.3  Pin=34-1
Added Pin To Net: NetName=GND Pin=34-2
Added Pin To Net: NetName=+3.3  Pin=35-1
Added Pin To Net: NetName=GND Pin=35-2
Added Pin To Net: NetName=+3.3  Pin=36-1
Added Pin To Net: NetName=GND Pin=36-2
Added Pin To Net: NetName=+1.5  Pin=37-1
Added Pin To Net: NetName=GND Pin=37-2
Added Pin To Net: NetName=AGND Pin=38-2
Added Pin To Net: NetName=AGND Pin=39-2
Added Pin To Net: NetName=AGND Pin=40-2
Added Pin To Net: NetName=AGND Pin=41-2
Added Pin To Net: NetName=+0.9  Pin=42-1
Added Pin To Net: NetName=GND Pin=42-2
Added Pin To Net: NetName=+0.9  Pin=43-1
Added Pin To Net: NetName=GND Pin=43-2
Added Pin To Net: NetName=+0.9  Pin=44-1
Added Pin To Net: NetName=GND Pin=44-2
Added Pin To Net: NetName=+0.9  Pin=45-1
Added Pin To Net: NetName=GND Pin=45-2
Added Pin To Net: NetName=NetM1_86 Pin=66-1
Added Pin To Net: NetName=GND Pin=66-2
Added Pin To Net: NetName=NetM1_85 Pin=67-1
Added Pin To Net: NetName=GND Pin=67-2
Added Pin To Net: NetName=NetM1_73 Pin=71-1
Added Pin To Net: NetName=GND Pin=71-2
Added Pin To Net: NetName=+1.1  Pin=D7-3
Added Pin To Net: NetName=+1.1  Pin=D7-4
Added Pin To Net: NetName=+1.1  Pin=R21-2
Added Pin To Net: NetName=+1.1  Pin=XP3-15
Added Pin To Net: NetName=+1.1  Pin=24-1
Added Net: Name=+1.1 
Added Pin To Net: NetName=+2.9  Pin=D3-2
Added Pin To Net: NetName=+2.9  Pin=D3-4
Added Pin To Net: NetName=+2.9  Pin=L1-1
Added Net: Name=+2.9 
Added Pin To Net: NetName=+2.9   Pin=L1-2
Added Pin To Net: NetName=+2.9   Pin=XP3-13
Added Pin To Net: NetName=+2.9   Pin=32-1
Added Net: Name=+2.9  
Added Pin To Net: NetName=+3.3    Pin=L2-2
Added Net: Name=+3.3   
Added Pin To Net: NetName=+3.3   Pin=30-1
Added Pin To Net: NetName=+3.3   Pin=31-1
Added Pin To Net: NetName=+3.3   Pin=38-1
Added Pin To Net: NetName=+3.3   Pin=39-1
Added Pin To Net: NetName=+3.3   Pin=40-1
Added Pin To Net: NetName=+3.3   Pin=41-1
Added Net: Name=+3.3  
Added Pin To Net: NetName=+5  Pin=D5-6
Added Pin To Net: NetName=+5  Pin=D5-8
Added Pin To Net: NetName=+5  Pin=D6-3
Added Pin To Net: NetName=+5  Pin=D7-6
Added Pin To Net: NetName=+5  Pin=D7-8
Added Pin To Net: NetName=+5  Pin=15-1
Added Pin To Net: NetName=+5  Pin=20-1
Added Pin To Net: NetName=+5  Pin=22-1
Added Net: Name=+5 
Added Pin To Net: NetName=I2C_SCL Pin=M1-54
Added Pin To Net: NetName=I2C_SCL Pin=R3-2
Added Pin To Net: NetName=I2C_SCL Pin=XP3-2
Added Net: Name=I2C_SCL
Added Pin To Net: NetName=I2C_SDA Pin=M1-55
Added Pin To Net: NetName=I2C_SDA Pin=R2-2
Added Pin To Net: NetName=I2C_SDA Pin=XP3-S1
Added Net: Name=I2C_SDA
Added Pin To Net: NetName=NetD1_1 Pin=D1-1
Added Pin To Net: NetName=NetD1_1 Pin=R8-1
Added Pin To Net: NetName=NetD1_1 Pin=R9-2
Added Net: Name=NetD1_1
Added Pin To Net: NetName=NetD1_2 Pin=D1-2
Added Pin To Net: NetName=NetD1_2 Pin=D1-4
Added Net: Name=NetD1_2
Added Pin To Net: NetName=NetD3_1 Pin=D3-1
Added Pin To Net: NetName=NetD3_1 Pin=R10-2
Added Pin To Net: NetName=NetD3_1 Pin=R13-1
Added Net: Name=NetD3_1
Added Pin To Net: NetName=NetD4_4 Pin=D4-4
Added Pin To Net: NetName=NetD4_4 Pin=9-2
Added Net: Name=NetD4_4
Added Pin To Net: NetName=NetD5_2 Pin=D5-2
Added Pin To Net: NetName=NetD5_2 Pin=R18-1
Added Pin To Net: NetName=NetD5_2 Pin=R19-1
Added Net: Name=NetD5_2
Added Pin To Net: NetName=NetD5_7 Pin=D5-7
Added Pin To Net: NetName=NetD5_7 Pin=R16-1
Added Net: Name=NetD5_7
Added Pin To Net: NetName=NetD7_2 Pin=D7-2
Added Pin To Net: NetName=NetD7_2 Pin=R20-1
Added Pin To Net: NetName=NetD7_2 Pin=R21-1
Added Net: Name=NetD7_2
Added Pin To Net: NetName=NetD7_7 Pin=D7-7
Added Pin To Net: NetName=NetD7_7 Pin=R17-1
Added Net: Name=NetD7_7
Added Pin To Net: NetName=NetM1_43 Pin=M1-43
Added Net: Name=NetM1_43
Added Pin To Net: NetName=NetR1_2 Pin=R1-2
Added Pin To Net: NetName=NetR1_2 Pin=R4-1
Added Pin To Net: NetName=NetR1_2 Pin=2-1
Added Net: Name=NetR1_2
Added Pin To Net: NetName=NetR14_1 Pin=R14-1
Added Pin To Net: NetName=NetR14_1 Pin=T1-12
Added Net: Name=NetR14_1
Added Pin To Net: NetName=NetR14_2 Pin=R14-2
Added Pin To Net: NetName=NetR14_2 Pin=14-1
Added Net: Name=NetR14_2
Added Pin To Net: NetName=NetR15_1 Pin=R15-1
Added Pin To Net: NetName=NetR15_1 Pin=T1-5
Added Net: Name=NetR15_1
Added Pin To Net: NetName=NetR15_2 Pin=R15-2
Added Pin To Net: NetName=NetR15_2 Pin=16-1
Added Net: Name=NetR15_2
