Removed Pin From Net: NetName=+12  Pin=C18-1
Removed Pin From Net: NetName=GND Pin=C18-2
Removed Pin From Net: NetName=+5  Pin=C22-1
Removed Pin From Net: NetName=GND Pin=C22-2
Removed Pin From Net: NetName=+0.9  Pin=C29-1
Removed Pin From Net: NetName=GND Pin=C29-2
Removed Pin From Net: NetName=VDD_IO Pin=R2-1
Removed Pin From Net: NetName=I2C_SDA Pin=R2-2
Removed Pin From Net: NetName=VDD_IO Pin=R3-1
Removed Pin From Net: NetName=I2C_SCL Pin=R3-2
Removed Pin From Net: NetName=NetR1_2 Pin=R4-1
Removed Pin From Net: NetName=ETH_TD- Pin=R4-2
Removed Pin From Net: NetName=ETH_RD+ Pin=R5-1
Removed Pin From Net: NetName=ETH_RD- Pin=R6-2
Removed Pin From Net: NetName=AGND Pin=R7-1
Removed Pin From Net: NetName=GND Pin=R7-2
Removed Pin From Net: NetName=NetD1_1 Pin=R8-1
Removed Pin From Net: NetName=+1.8  Pin=R8-2
Removed Pin From Net: NetName=NetD1_1 Pin=R9-2
Removed Pin From Net: NetName=GND Pin=R10-1
Removed Pin From Net: NetName=NetD3_1 Pin=R10-2
Removed Pin From Net: NetName=NetD2_1 Pin=R11-1
Removed Pin From Net: NetName=GND Pin=R12-1
Removed Pin From Net: NetName=NetD2_1 Pin=R12-2
Removed Pin From Net: NetName=NetD3_1 Pin=R13-1
Removed Pin From Net: NetName=NetD5_7 Pin=R16-1
Removed Pin From Net: NetName=NetD7_7 Pin=R17-1
Removed Pin From Net: NetName=+1.5  Pin=R17-2
Removed Pin From Net: NetName=ETH_RD+ Pin=T1-1
Removed Pin From Net: NetName=ETH_RD- Pin=T1-2
Removed Pin From Net: NetName=ETH_RX- Pin=T1-6
Removed Pin From Net: NetName=ETH_TX+ Pin=T1-10
Removed Pin From Net: NetName=ETH_TD- Pin=T1-15
Removed Pin From Net: NetName=ETH_TD+ Pin=T1-16
Removed Pin From Net: NetName=+3.3  Pin=1-1
Removed Pin From Net: NetName=NetR1_2 Pin=2-1
Removed Pin From Net: NetName=+5  Pin=15-1
Removed Pin From Net: NetName=+3.3   Pin=30-1
Removed Pin From Net: NetName=AGND Pin=30-2
Removed Pin From Net: NetName=+3.3   Pin=31-1
Removed Pin From Net: NetName=AGND Pin=31-2
Removed Pin From Net: NetName=+2.9   Pin=32-1
Removed Pin From Net: NetName=AGND Pin=32-2
Removed Pin From Net: NetName=+1.5  Pin=33-1
Removed Pin From Net: NetName=+3.3  Pin=34-1
Removed Pin From Net: NetName=GND Pin=34-2
Removed Pin From Net: NetName=+3.3  Pin=35-1
Removed Pin From Net: NetName=GND Pin=35-2
Removed Pin From Net: NetName=+3.3  Pin=36-1
Removed Pin From Net: NetName=GND Pin=36-2
Removed Pin From Net: NetName=+1.5  Pin=37-1
Removed Pin From Net: NetName=+3.3   Pin=38-1
Removed Pin From Net: NetName=AGND Pin=38-2
Removed Pin From Net: NetName=+3.3   Pin=39-1
Removed Pin From Net: NetName=AGND Pin=39-2
Removed Pin From Net: NetName=+3.3   Pin=40-1
Removed Pin From Net: NetName=AGND Pin=40-2
Removed Pin From Net: NetName=+0.9  Pin=42-1
Removed Pin From Net: NetName=GND Pin=42-2
Removed Pin From Net: NetName=+0.9  Pin=43-1
Removed Pin From Net: NetName=GND Pin=43-2
Removed Pin From Net: NetName=+0.9  Pin=44-1
Removed Pin From Net: NetName=GND Pin=44-2
Removed Pin From Net: NetName=NetM1_86 Pin=66-1
Removed Pin From Net: NetName=GND Pin=66-2
Removed Pin From Net: NetName=NetM1_85 Pin=67-1
Removed Pin From Net: NetName=GND Pin=67-2
Removed Pin From Net: NetName=NetM1_73 Pin=71-1
Removed Pin From Net: NetName=GND Pin=71-2
Change Component Footprint: Designator=T1 Old Footprint=H1012NL New Footprint=SOP-16
Change Component Comment : Designator=1 Old Comment=0.1 לך New Comment=0.01 לך
Change Component Comment : Designator=3 Old Comment=0.01 לך New Comment=0.1 לך
Change Component Comment : Designator=31 Old Comment=0.1 לך New Comment=1 לך
Change Component Comment : Designator=30 Old Comment=0.1 לך New Comment=20 ן
Change Component Comment : Designator=32 Old Comment=0.1 לך New Comment=20 ן
Change Component Comment : Designator=15 Old Comment=1 לך New Comment=1000 ן
Change Component Comment : Designator=16 Old Comment=1000 ן New Comment=1 לך
Change Component Comment : Designator=T1 Old Comment=H1012NL New Comment=B78476A8065A3
Change component parameters: Designator = "R2" ("R2"); Footprint = "RES0603"; UniqueID = "\GGYMAIRJ" ("\GGYMAIRJ")
Change component parameters (AddParameter): Name = "Value"; Value = "50 ל"; VariantName = "[No Variations]"
Change component parameters: Designator = "R3" ("R3"); Footprint = "RES0603"; UniqueID = "\ZCRULYQT" ("\ZCRULYQT")
Change component parameters (AddParameter): Name = "Value"; Value = "50 ל"; VariantName = "[No Variations]"
Change component parameters: Designator = "R5" ("R5"); Footprint = "RES0603"; UniqueID = "\DIIQNYPH" ("\DIIQNYPH")
Change component parameters (AddParameter): Name = "Value"; Value = "0 ל"; VariantName = "[No Variations]"
Change component parameters: Designator = "R6" ("R6"); Footprint = "RES0603"; UniqueID = "\BPCEBOQR" ("\BPCEBOQR")
Change component parameters (AddParameter): Name = "Value"; Value = "125 ל"; VariantName = "[No Variations]"
Change component parameters: Designator = "R7" ("R7"); Footprint = "RES0603"; UniqueID = "\HZUCKEPK" ("\HZUCKEPK")
Change component parameters (AddParameter): Name = "Value"; Value = "55 ל"; VariantName = "[No Variations]"
Change component parameters: Designator = "R9" ("R9"); Footprint = "RES0603"; UniqueID = "\MNDZZBJS" ("\MNDZZBJS")
Change component parameters (AddParameter): Name = "Value"; Value = "25 ל"; VariantName = "[No Variations]"
Change component parameters: Designator = "R10" ("R10"); Footprint = "RES0603"; UniqueID = "\JTATAQBO" ("\JTATAQBO")
Change component parameters (AddParameter): Name = "Value"; Value = "125 ל"; VariantName = "[No Variations]"
Change component parameters: Designator = "R11" ("R11"); Footprint = "RES0603"; UniqueID = "\TJNTESDV" ("\TJNTESDV")
Change component parameters (AddParameter): Name = "Value"; Value = "164 ל"; VariantName = "[No Variations]"
Change component parameters: Designator = "R12" ("R12"); Footprint = "RES0603"; UniqueID = "\JQZOIKGR" ("\JQZOIKGR")
Change component parameters (AddParameter): Name = "Value"; Value = "75 ל"; VariantName = "[No Variations]"
Change component parameters: Designator = "R13" ("R13"); Footprint = "RES0603"; UniqueID = "\WBJUBHFO" ("\WBJUBHFO")
Change component parameters (AddParameter): Name = "Value"; Value = "75 ל"; VariantName = "[No Variations]"
Change component parameters: Designator = "R14" ("R14"); Footprint = "RES0603"; UniqueID = "\YUUIDREQ" ("\YUUIDREQ")
Change component parameters (AddParameter): Name = "Value"; Value = "10 ךל"; VariantName = "[No Variations]"
Change component parameters: Designator = "R15" ("R15"); Footprint = "RES0603"; UniqueID = "\YRSSFPIV" ("\YRSSFPIV")
Change component parameters (AddParameter): Name = "Value"; Value = "1.5 ךל"; VariantName = "[No Variations]"
Change component parameters: Designator = "R17" ("R17"); Footprint = "RES0603"; UniqueID = "\UGLMUCHU" ("\UGLMUCHU")
Change component parameters (AddParameter): Name = "Value"; Value = "1.5 ךל"; VariantName = "[No Variations]"
Change component parameters: Designator = "30" ("30"); Footprint = "CAP0603"; UniqueID = "\HMLBWWOP" ("\HMLBWWOP")
Change component parameters (AddParameter): Name = "Value"; Value = "20 ן"; VariantName = "[No Variations]"
Change component parameters (AddParameter): Name = "Voltage"; Value = "10 "; VariantName = "[No Variations]"
Change component parameters: Designator = "31" ("31"); Footprint = "CAP0603"; UniqueID = "\JWDYHFHZ" ("\JWDYHFHZ")
Change component parameters (AddParameter): Name = "Value"; Value = "1 לך"; VariantName = "[No Variations]"
Change component parameters (AddParameter): Name = "Voltage"; Value = "10 "; VariantName = "[No Variations]"
Change component parameters: Designator = "32" ("32"); Footprint = "CAP0603"; UniqueID = "\XSMQXVTM" ("\XSMQXVTM")
Change component parameters (AddParameter): Name = "Value"; Value = "20 ן"; VariantName = "[No Variations]"
Change component parameters (AddParameter): Name = "Voltage"; Value = "10 "; VariantName = "[No Variations]"
Change component parameters: Designator = "1" ("1"); Footprint = "CAP0603"; UniqueID = "\CKGIAEXK" ("\CKGIAEXK")
Change component parameters (AddParameter): Name = "Value"; Value = "0.01 לך"; VariantName = "[No Variations]"
Change component parameters (AddParameter): Name = "Voltage"; Value = "20 "; VariantName = "[No Variations]"
Change component parameters: Designator = "3" ("3"); Footprint = "CAP0603"; UniqueID = "\REXYHTQH" ("\REXYHTQH")
Change component parameters (AddParameter): Name = "Value"; Value = "0.1 לך"; VariantName = "[No Variations]"
Change component parameters (AddParameter): Name = "Voltage"; Value = "10 "; VariantName = "[No Variations]"
Change component parameters: Designator = "15" ("15"); Footprint = "CAP0603"; UniqueID = "\DESZALRQ" ("\DESZALRQ")
Change component parameters (AddParameter): Name = "Value"; Value = "1000 ן"; VariantName = "[No Variations]"
Change component parameters (AddParameter): Name = "Voltage"; Value = "2000 "; VariantName = "[No Variations]"
Change component parameters: Designator = "16" ("16"); Footprint = "CAP0603"; UniqueID = "\KIPYJSEC" ("\KIPYJSEC")
Change component parameters (AddParameter): Name = "Value"; Value = "1 לך"; VariantName = "[No Variations]"
Change component parameters (AddParameter): Name = "Voltage"; Value = "10 "; VariantName = "[No Variations]"
Added Component: Designator=XP1(JST-B8B-PH)
Added Component: Designator=18(CAP0603)
Add component (AddParameter): Name = "Value"; Value = "0.33 לך"; VariantName = "[No Variations]"
Add component (AddParameter): Name = "Voltage"; Value = "10 "; VariantName = "[No Variations]"
Added Component: Designator=22(CAP0603)
Add component (AddParameter): Name = "Value"; Value = "0.1 לך"; VariantName = "[No Variations]"
Add component (AddParameter): Name = "Voltage"; Value = "10 "; VariantName = "[No Variations]"
Added Component: Designator=29(CAP0603)
Add component (AddParameter): Name = "Value"; Value = "0.1 לך"; VariantName = "[No Variations]"
Add component (AddParameter): Name = "Voltage"; Value = "10 "; VariantName = "[No Variations]"
Added Component: Designator=46(CAP0603)
Add component (AddParameter): Name = "Value"; Value = "0.1 לך"; VariantName = "[No Variations]"
Add component (AddParameter): Name = "Voltage"; Value = "10 "; VariantName = "[No Variations]"
Added Component: Designator=47(CAP0603)
Add component (AddParameter): Name = "Value"; Value = "0.1 לך"; VariantName = "[No Variations]"
Add component (AddParameter): Name = "Voltage"; Value = "10 "; VariantName = "[No Variations]"
Added Component: Designator=48(CAP0603)
Add component (AddParameter): Name = "Value"; Value = "0.1 לך"; VariantName = "[No Variations]"
Add component (AddParameter): Name = "Voltage"; Value = "10 "; VariantName = "[No Variations]"
Added Pin To Net: NetName=+1.8  Pin=D1-2
Added Pin To Net: NetName=+1.8  Pin=D1-4
Added Pin To Net: NetName=NetR1_2 Pin=R2-1
Added Pin To Net: NetName=ETH_TD- Pin=R2-2
Added Pin To Net: NetName=ETH_RD+ Pin=R3-1
Added Pin To Net: NetName=ETH_RD- Pin=R4-2
Added Pin To Net: NetName=AGND Pin=R5-1
Added Pin To Net: NetName=GND Pin=R5-2
Added Pin To Net: NetName=NetD1_1 Pin=R6-1
Added Pin To Net: NetName=+1.8  Pin=R6-2
Added Pin To Net: NetName=GND Pin=R7-1
Added Pin To Net: NetName=NetD1_1 Pin=R7-2
Added Pin To Net: NetName=NetD2_1 Pin=R8-1
Added Pin To Net: NetName=+1.5  Pin=R8-2
Added Pin To Net: NetName=NetD2_1 Pin=R9-2
Added Pin To Net: NetName=NetD3_1 Pin=R10-1
Added Pin To Net: NetName=+2.9  Pin=R10-2
Added Pin To Net: NetName=GND Pin=R11-1
Added Pin To Net: NetName=NetD3_1 Pin=R11-2
Added Pin To Net: NetName=NetD5_7 Pin=R14-1
Added Pin To Net: NetName=+1.5  Pin=R14-2
Added Pin To Net: NetName=VDD_IO Pin=R15-1
Added Pin To Net: NetName=I2C_SDA Pin=R15-2
Added Pin To Net: NetName=NetD7_7 Pin=R16-1
Added Pin To Net: NetName=VDD_IO Pin=R17-1
Added Pin To Net: NetName=I2C_SCL Pin=R17-2
Added Pin To Net: NetName=ETH_TD+ Pin=T1-1
Added Pin To Net: NetName=ETH_TD- Pin=T1-3
Added Pin To Net: NetName=ETH_RD+ Pin=T1-6
Added Pin To Net: NetName=ETH_RD- Pin=T1-8
Added Pin To Net: NetName=ETH_RX- Pin=T1-9
Added Pin To Net: NetName=ETH_TX+ Pin=T1-16
Added Pin To Net: NetName=ETH_LED1 Pin=XP1-1
Added Pin To Net: NetName=GND Pin=XP1-7
Added Pin To Net: NetName=+12  Pin=XP1-8
Added Pin To Net: NetName=CLK_P Pin=XP3-4
Added Pin To Net: NetName=DATA4_N Pin=XP3-5
Added Pin To Net: NetName=DATA3_N Pin=XP3-7
Added Pin To Net: NetName=DATA3_P Pin=XP3-8
Added Pin To Net: NetName=DATA2_N Pin=XP3-9
Added Pin To Net: NetName=DATA2_P Pin=XP3-10
Added Pin To Net: NetName=DATA_N Pin=XP3-11
Added Pin To Net: NetName=GND Pin=XP3-S1
Added Pin To Net: NetName=NetR1_2 Pin=1-1
Added Pin To Net: NetName=+3.3  Pin=3-1
Added Pin To Net: NetName=+1.5  Pin=11-1
Added Pin To Net: NetName=+2.9  Pin=12-1
Added Pin To Net: NetName=+5  Pin=16-1
Added Pin To Net: NetName=+12  Pin=18-1
Added Pin To Net: NetName=GND Pin=18-2
Added Pin To Net: NetName=+5  Pin=22-1
Added Pin To Net: NetName=GND Pin=22-2
Added Pin To Net: NetName=+0.9  Pin=29-1
Added Pin To Net: NetName=GND Pin=29-2
Added Pin To Net: NetName=NetM1_86 Pin=30-1
Added Pin To Net: NetName=GND Pin=30-2
Added Pin To Net: NetName=NetM1_73 Pin=31-1
Added Pin To Net: NetName=GND Pin=31-2
Added Pin To Net: NetName=NetM1_85 Pin=32-1
Added Pin To Net: NetName=GND Pin=32-2
Added Pin To Net: NetName=+3.3   Pin=33-1
Added Pin To Net: NetName=+3.3   Pin=34-1
Added Pin To Net: NetName=AGND Pin=34-2
Added Pin To Net: NetName=+2.9   Pin=35-1
Added Pin To Net: NetName=AGND Pin=35-2
Added Pin To Net: NetName=+1.5  Pin=36-1
Added Pin To Net: NetName=AGND Pin=36-2
Added Pin To Net: NetName=+3.3  Pin=37-1
Added Pin To Net: NetName=+3.3  Pin=38-1
Added Pin To Net: NetName=GND Pin=38-2
Added Pin To Net: NetName=+3.3  Pin=39-1
Added Pin To Net: NetName=GND Pin=39-2
Added Pin To Net: NetName=+1.5  Pin=40-1
Added Pin To Net: NetName=GND Pin=40-2
Added Pin To Net: NetName=+3.3   Pin=42-1
Added Pin To Net: NetName=AGND Pin=42-2
Added Pin To Net: NetName=+3.3   Pin=43-1
Added Pin To Net: NetName=AGND Pin=43-2
Added Pin To Net: NetName=+3.3   Pin=44-1
Added Pin To Net: NetName=AGND Pin=44-2
Added Pin To Net: NetName=+0.9  Pin=46-1
Added Pin To Net: NetName=GND Pin=46-2
Added Pin To Net: NetName=+0.9  Pin=47-1
Added Pin To Net: NetName=GND Pin=47-2
Added Pin To Net: NetName=+0.9  Pin=48-1
Added Pin To Net: NetName=GND Pin=48-2
Change Net Name : Old Net Name=ETH_TX- New Net Name=ETH_RX+
Added Pin To Net: NetName=ETH_TX- Pin=T1-14
Added Net: Name=ETH_TX-
Added Pin To Net: NetName=NetR3_2 Pin=R3-2
Added Pin To Net: NetName=NetR3_2 Pin=R4-1
Added Pin To Net: NetName=NetR3_2 Pin=2-1
Added Net: Name=NetR3_2
Added Pin To Net: NetName=NetR12_1 Pin=R12-1
Added Pin To Net: NetName=NetR12_1 Pin=T1-15
Added Net: Name=NetR12_1
Added Pin To Net: NetName=NetR12_2 Pin=R12-2
Added Pin To Net: NetName=NetR12_2 Pin=14-1
Added Net: Name=NetR12_2
Added Pin To Net: NetName=NetR13_1 Pin=R13-1
Added Pin To Net: NetName=NetR13_1 Pin=T1-10
Added Net: Name=NetR13_1
Added Pin To Net: NetName=NetR13_2 Pin=R13-2
Added Pin To Net: NetName=NetR13_2 Pin=15-1
Added Net: Name=NetR13_2
Added Pin To Net: NetName=NetT1_2 Pin=T1-2
Added Pin To Net: NetName=NetT1_2 Pin=7-2
Added Net: Name=NetT1_2
Added Pin To Net: NetName=NetT1_7 Pin=T1-7
Added Pin To Net: NetName=NetT1_7 Pin=8-2
Added Net: Name=NetT1_7
Added Class: Name=IP Camera v0.0.1_periphery
Added Room: Name=IP Camera v0.0.1_periphery
