Added Component: Designator=D?(SOP-8)
Added Component: Designator=D?(SOT-223)
Added Component: Designator=D?(SOT-223)
Added Component: Designator=D?(SOP-8)
Added Component: Designator=D?(TO-252)
Added Component: Designator=D?(SOP-8)
Added Component: Designator=D?(SOIC-8)
Added Component: Designator=D?(SOT-223)
Added Component: Designator=L?(FERRITE0603)
Add component (AddParameter): Name = "value"; Value = "200 ל"; VariantName = "[No Variations]"
Added Component: Designator=L?(FERRITE0603)
Add component (AddParameter): Name = "value"; Value = "200 ל"; VariantName = "[No Variations]"
Added Component: Designator=M1(QFN-128)
Added Component: Designator=R2(RES0603)
Add component (AddParameter): Name = "Value"; Value = "1.5 ךל"; VariantName = "[No Variations]"
Added Component: Designator=R3(RES0603)
Add component (AddParameter): Name = "Value"; Value = "1.5 ךל"; VariantName = "[No Variations]"
Added Component: Designator=R?(RES0603)
Add component (AddParameter): Name = "Value"; Value = "125 ל"; VariantName = "[No Variations]"
Added Component: Designator=R?(RES0603)
Add component (AddParameter): Name = "Value"; Value = "125 ל"; VariantName = "[No Variations]"
Added Component: Designator=R?(RES0603)
Add component (AddParameter): Name = "Value"; Value = "125 ל"; VariantName = "[No Variations]"
Added Component: Designator=R?(RES0603)
Add component (AddParameter): Name = "Value"; Value = "37.5 ךל"; VariantName = "[No Variations]"
Added Component: Designator=R?(RES0603)
Add component (AddParameter): Name = "Value"; Value = "55 ל"; VariantName = "[No Variations]"
Added Component: Designator=R?(RES0603)
Add component (AddParameter): Name = "Value"; Value = "75 ל"; VariantName = "[No Variations]"
Added Component: Designator=R?(RES0603)
Add component (AddParameter): Name = "Value"; Value = "75 ל"; VariantName = "[No Variations]"
Added Component: Designator=R?(RES0603)
Add component (AddParameter): Name = "Value"; Value = "50 ל"; VariantName = "[No Variations]"
Added Component: Designator=R?(RES0603)
Add component (AddParameter): Name = "Value"; Value = "164 ל"; VariantName = "[No Variations]"
Added Component: Designator=R?(RES0603)
Add component (AddParameter): Name = "Value"; Value = "50 ל"; VariantName = "[No Variations]"
Added Component: Designator=R?(RES0603)
Add component (AddParameter): Name = "Value"; Value = "50 ל"; VariantName = "[No Variations]"
Added Component: Designator=R?(RES0603)
Add component (AddParameter): Name = "Value"; Value = "10 ךל"; VariantName = "[No Variations]"
Added Component: Designator=R?(RES0603)
Add component (AddParameter): Name = "Value"; Value = "50 ל"; VariantName = "[No Variations]"
Added Component: Designator=R?(RES0603)
Add component (AddParameter): Name = "Value"; Value = "12.5 ךל"; VariantName = "[No Variations]"
Added Component: Designator=R?(RES0603)
Add component (AddParameter): Name = "Value"; Value = "100 ךל"; VariantName = "[No Variations]"
Added Component: Designator=R?(RES0603)
Add component (AddParameter): Name = "Value"; Value = "25 ל"; VariantName = "[No Variations]"
Added Component: Designator=R?(RES0603)
Add component (AddParameter): Name = "Value"; Value = "10 ךל"; VariantName = "[No Variations]"
Added Component: Designator=R?(RES0603)
Add component (AddParameter): Name = "Value"; Value = "0 ל"; VariantName = "[No Variations]"
Added Component: Designator=R?(RES0603)
Add component (AddParameter): Name = "Value"; Value = "100 ךל"; VariantName = "[No Variations]"
Added Component: Designator=XP?(J2)
Added Component: Designator=XP?(FFC_FPC 16pin)
Added Component: Designator=66(CAP0603)
Add component (AddParameter): Name = "Value"; Value = "20 ן"; VariantName = "[No Variations]"
Add component (AddParameter): Name = "Voltage"; Value = "10 "; VariantName = "[No Variations]"
Added Component: Designator=67(CAP0603)
Add component (AddParameter): Name = "Value"; Value = "20 ן"; VariantName = "[No Variations]"
Add component (AddParameter): Name = "Voltage"; Value = "10 "; VariantName = "[No Variations]"
Added Component: Designator=71(CAP0603)
Add component (AddParameter): Name = "Value"; Value = "1 לך"; VariantName = "[No Variations]"
Add component (AddParameter): Name = "Voltage"; Value = "10 "; VariantName = "[No Variations]"
Added Component: Designator=?(CAP0603)
Add component (AddParameter): Name = "Value"; Value = "0.1 לך"; VariantName = "[No Variations]"
Add component (AddParameter): Name = "Voltage"; Value = "10 "; VariantName = "[No Variations]"
Added Component: Designator=?(CAP0603)
Add component (AddParameter): Name = "Value"; Value = "1000 ן"; VariantName = "[No Variations]"
Add component (AddParameter): Name = "Voltage"; Value = "20 "; VariantName = "[No Variations]"
Added Component: Designator=?(CAP0603)
Add component (AddParameter): Name = "Value"; Value = "20 לך"; VariantName = "[No Variations]"
Add component (AddParameter): Name = "Voltage"; Value = "10 "; VariantName = "[No Variations]"
Added Component: Designator=?(CAP0603)
Add component (AddParameter): Name = "Value"; Value = "10 לך"; VariantName = "[No Variations]"
Add component (AddParameter): Name = "Voltage"; Value = "10 "; VariantName = "[No Variations]"
Added Component: Designator=?(CAP0603)
Add component (AddParameter): Name = "Value"; Value = "0.33 לך"; VariantName = "[No Variations]"
Add component (AddParameter): Name = "Voltage"; Value = "10 "; VariantName = "[No Variations]"
Added Component: Designator=?(CAP0603)
Add component (AddParameter): Name = "Value"; Value = "20 לך"; VariantName = "[No Variations]"
Add component (AddParameter): Name = "Voltage"; Value = "10 "; VariantName = "[No Variations]"
Added Component: Designator=?(CAP0603)
Add component (AddParameter): Name = "Value"; Value = "0.1 לך"; VariantName = "[No Variations]"
Add component (AddParameter): Name = "Voltage"; Value = "10 "; VariantName = "[No Variations]"
Added Component: Designator=?(CAP0603)
Add component (AddParameter): Name = "Value"; Value = "1 לך"; VariantName = "[No Variations]"
Add component (AddParameter): Name = "Voltage"; Value = "10 "; VariantName = "[No Variations]"
Added Component: Designator=?(CAP0603)
Add component (AddParameter): Name = "Value"; Value = "0.1 לך"; VariantName = "[No Variations]"
Add component (AddParameter): Name = "Voltage"; Value = "10 "; VariantName = "[No Variations]"
Added Component: Designator=?(CAP0603)
Add component (AddParameter): Name = "Value"; Value = "0.1 לך"; VariantName = "[No Variations]"
Add component (AddParameter): Name = "Voltage"; Value = "10 "; VariantName = "[No Variations]"
Added Component: Designator=?(CAP0603)
Add component (AddParameter): Name = "Value"; Value = "0.1 לך"; VariantName = "[No Variations]"
Add component (AddParameter): Name = "Voltage"; Value = "10 "; VariantName = "[No Variations]"
Added Component: Designator=?(CAP0603)
Add component (AddParameter): Name = "Value"; Value = "0.1 לך"; VariantName = "[No Variations]"
Add component (AddParameter): Name = "Voltage"; Value = "10 "; VariantName = "[No Variations]"
Added Component: Designator=?(CAP0603)
Add component (AddParameter): Name = "Value"; Value = "1 לך"; VariantName = "[No Variations]"
Add component (AddParameter): Name = "Voltage"; Value = "10 "; VariantName = "[No Variations]"
Added Component: Designator=?(CAP0603)
Add component (AddParameter): Name = "Value"; Value = "0.1 לך"; VariantName = "[No Variations]"
Add component (AddParameter): Name = "Voltage"; Value = "10 "; VariantName = "[No Variations]"
Added Component: Designator=?(CAP0603)
Add component (AddParameter): Name = "Value"; Value = "0.1 לך"; VariantName = "[No Variations]"
Add component (AddParameter): Name = "Voltage"; Value = "10 "; VariantName = "[No Variations]"
Added Component: Designator=?(CAP0603)
Add component (AddParameter): Name = "Value"; Value = "20 לך"; VariantName = "[No Variations]"
Add component (AddParameter): Name = "Voltage"; Value = "10 "; VariantName = "[No Variations]"
Added Component: Designator=?(CAP0603)
Add component (AddParameter): Name = "Value"; Value = "0.01 לך"; VariantName = "[No Variations]"
Add component (AddParameter): Name = "Voltage"; Value = "20 "; VariantName = "[No Variations]"
Added Component: Designator=?(CAP0603)
Add component (AddParameter): Name = "Value"; Value = "1000 ן"; VariantName = "[No Variations]"
Add component (AddParameter): Name = "Voltage"; Value = "2000 "; VariantName = "[No Variations]"
Added Component: Designator=?(CAP0603)
Add component (AddParameter): Name = "Value"; Value = "0.1 לך"; VariantName = "[No Variations]"
Add component (AddParameter): Name = "Voltage"; Value = "10 "; VariantName = "[No Variations]"
Added Component: Designator=?(CAP0603)
Add component (AddParameter): Name = "Value"; Value = "10 לך"; VariantName = "[No Variations]"
Add component (AddParameter): Name = "Voltage"; Value = "10 "; VariantName = "[No Variations]"
Added Component: Designator=?(CAP0603)
Add component (AddParameter): Name = "Value"; Value = "0.1 לך"; VariantName = "[No Variations]"
Add component (AddParameter): Name = "Voltage"; Value = "10 "; VariantName = "[No Variations]"
Added Component: Designator=?(CAP0603)
Add component (AddParameter): Name = "Value"; Value = "10 לך"; VariantName = "[No Variations]"
Add component (AddParameter): Name = "Voltage"; Value = "10 "; VariantName = "[No Variations]"
Added Component: Designator=?(CAP0603)
Add component (AddParameter): Name = "Value"; Value = "0.1 לך"; VariantName = "[No Variations]"
Add component (AddParameter): Name = "Voltage"; Value = "10 "; VariantName = "[No Variations]"
Added Component: Designator=?(CAP0603)
Add component (AddParameter): Name = "Value"; Value = "0.01 לך"; VariantName = "[No Variations]"
Add component (AddParameter): Name = "Voltage"; Value = "20 "; VariantName = "[No Variations]"
Added Component: Designator=?(CAP0603)
Add component (AddParameter): Name = "Value"; Value = "0.1 לך"; VariantName = "[No Variations]"
Add component (AddParameter): Name = "Voltage"; Value = "10 "; VariantName = "[No Variations]"
Added Component: Designator=?(CAP0603)
Add component (AddParameter): Name = "Value"; Value = "1000 ן"; VariantName = "[No Variations]"
Add component (AddParameter): Name = "Voltage"; Value = "20 "; VariantName = "[No Variations]"
Added Component: Designator=?(CAP0603)
Add component (AddParameter): Name = "Value"; Value = "0.1 לך"; VariantName = "[No Variations]"
Add component (AddParameter): Name = "Voltage"; Value = "10 "; VariantName = "[No Variations]"
Added Component: Designator=?(CAP0603)
Add component (AddParameter): Name = "Value"; Value = "0.1 לך"; VariantName = "[No Variations]"
Add component (AddParameter): Name = "Voltage"; Value = "10 "; VariantName = "[No Variations]"
Added Component: Designator=?(CAP0603)
Add component (AddParameter): Name = "Value"; Value = "0.1 לך"; VariantName = "[No Variations]"
Add component (AddParameter): Name = "Voltage"; Value = "10 "; VariantName = "[No Variations]"
Added Component: Designator=?(CAP0603)
Add component (AddParameter): Name = "Value"; Value = "0.1 לך"; VariantName = "[No Variations]"
Add component (AddParameter): Name = "Voltage"; Value = "10 "; VariantName = "[No Variations]"
Added Component: Designator=?(CAP0603)
Add component (AddParameter): Name = "Value"; Value = "1 לך"; VariantName = "[No Variations]"
Add component (AddParameter): Name = "Voltage"; Value = "10 "; VariantName = "[No Variations]"
Added Component: Designator=?(CAP0603)
Add component (AddParameter): Name = "Value"; Value = "0.1 לך"; VariantName = "[No Variations]"
Add component (AddParameter): Name = "Voltage"; Value = "10 "; VariantName = "[No Variations]"
Added Component: Designator=?(CAP0603)
Add component (AddParameter): Name = "Value"; Value = "0.1 לך"; VariantName = "[No Variations]"
Add component (AddParameter): Name = "Voltage"; Value = "10 "; VariantName = "[No Variations]"
Added Component: Designator=?(CAP0603)
Add component (AddParameter): Name = "Value"; Value = "0.1 לך"; VariantName = "[No Variations]"
Add component (AddParameter): Name = "Voltage"; Value = "10 "; VariantName = "[No Variations]"
Added Component: Designator=?(CAP0603)
Add component (AddParameter): Name = "Value"; Value = "1000 ן"; VariantName = "[No Variations]"
Add component (AddParameter): Name = "Voltage"; Value = "2000 "; VariantName = "[No Variations]"
Added Component: Designator=?(CAP0603)
Add component (AddParameter): Name = "Value"; Value = "0.1 לך"; VariantName = "[No Variations]"
Add component (AddParameter): Name = "Voltage"; Value = "10 "; VariantName = "[No Variations]"
Added Component: Designator=?(TANTAL A)
Add component (AddParameter): Name = "Power"; Value = "10 "; VariantName = "[No Variations]"
Add component (AddParameter): Name = "Value"; Value = "10 לך"; VariantName = "[No Variations]"
Added Component: Designator=?(CAP0603)
Add component (AddParameter): Name = "Value"; Value = "0.1 לך"; VariantName = "[No Variations]"
Add component (AddParameter): Name = "Voltage"; Value = "10 "; VariantName = "[No Variations]"
Added Component: Designator=?(CAP0603)
Add component (AddParameter): Name = "Value"; Value = "20 לך"; VariantName = "[No Variations]"
Add component (AddParameter): Name = "Voltage"; Value = "10 "; VariantName = "[No Variations]"
Added Component: Designator=?(CAP0603)
Add component (AddParameter): Name = "Value"; Value = "0.1 לך"; VariantName = "[No Variations]"
Add component (AddParameter): Name = "Voltage"; Value = "10 "; VariantName = "[No Variations]"
Added Component: Designator=?(CAP0603)
Add component (AddParameter): Name = "Value"; Value = "0.1 לך"; VariantName = "[No Variations]"
Add component (AddParameter): Name = "Voltage"; Value = "10 "; VariantName = "[No Variations]"
Added Component: Designator=?(CAP0603)
Add component (AddParameter): Name = "Value"; Value = "0.1 לך"; VariantName = "[No Variations]"
Add component (AddParameter): Name = "Voltage"; Value = "10 "; VariantName = "[No Variations]"
Added Component: Designator=?(CAP0603)
Add component (AddParameter): Name = "Value"; Value = "1 לך"; VariantName = "[No Variations]"
Add component (AddParameter): Name = "Voltage"; Value = "10 "; VariantName = "[No Variations]"
Added Component: Designator=?(CAP0603)
Add component (AddParameter): Name = "Value"; Value = "0.1 לך"; VariantName = "[No Variations]"
Add component (AddParameter): Name = "Voltage"; Value = "10 "; VariantName = "[No Variations]"
Added Pin To Net: NetName=+3.3  Pin=D?-1
Added Pin To Net: NetName=+12  Pin=D?-1
Added Pin To Net: NetName=FLASH_CS Pin=D?-1
Added Pin To Net: NetName=GND Pin=D?-1
Added Pin To Net: NetName=GND Pin=D?-1
Added Pin To Net: NetName=+1.5  Pin=D?-2
Added Pin To Net: NetName=+3.3  Pin=D?-2
Added Pin To Net: NetName=FLASH_DO Pin=D?-2
Added Pin To Net: NetName=GND Pin=D?-2
Added Pin To Net: NetName=+0.9  Pin=D?-3
Added Pin To Net: NetName=+3.3  Pin=D?-3
Added Pin To Net: NetName=+3.3  Pin=D?-3
Added Pin To Net: NetName=+3.3  Pin=D?-3
Added Pin To Net: NetName=FLASH_WP Pin=D?-3
Added Pin To Net: NetName=GND Pin=D?-3
Added Pin To Net: NetName=+0.9  Pin=D?-4
Added Pin To Net: NetName=+1.5  Pin=D?-4
Added Pin To Net: NetName=GND Pin=D?-4
Added Pin To Net: NetName=+1.5  Pin=D?-5
Added Pin To Net: NetName=+1.5  Pin=D?-5
Added Pin To Net: NetName=+12  Pin=D?-5
Added Pin To Net: NetName=FLASH_DI Pin=D?-5
Added Pin To Net: NetName=FLASH_CLK Pin=D?-6
Added Pin To Net: NetName=GND Pin=D?-6
Added Pin To Net: NetName=FLASH_HOLD Pin=D?-7
Added Pin To Net: NetName=GND Pin=D?-7
Added Pin To Net: NetName=+12  Pin=D?-8
Added Pin To Net: NetName=AVDD_PM_SPI Pin=D?-8
Added Pin To Net: NetName=+3.3  Pin=L?-1
Added Pin To Net: NetName=ETH_LED0 Pin=M1-21
Added Pin To Net: NetName=ETH_LED1 Pin=M1-22
Added Pin To Net: NetName=VDD_23 Pin=M1-23
Added Pin To Net: NetName=AVDD_ETH Pin=M1-24
Added Pin To Net: NetName=ETH_RD- Pin=M1-25
Added Pin To Net: NetName=ETH_RD+ Pin=M1-26
Added Pin To Net: NetName=ETH_TD- Pin=M1-27
Added Pin To Net: NetName=ETH_TD+ Pin=M1-28
Added Pin To Net: NetName=AVDD_3P3USB Pin=M1-29
Added Pin To Net: NetName=AVDDIO_DRAM Pin=M1-40
Added Pin To Net: NetName=VDDIO_DATA Pin=M1-41
Added Pin To Net: NetName=AVDD_PLL Pin=M1-42
Added Pin To Net: NetName=DVDD_DDR Pin=M1-44
Added Pin To Net: NetName=VDD_45 Pin=M1-45
Added Pin To Net: NetName=VDDIO_DATA Pin=M1-46
Added Pin To Net: NetName=VDD_47 Pin=M1-47
Added Pin To Net: NetName=VDDIO_MCLK Pin=M1-48
Added Pin To Net: NetName=AVDDIO_DRAM Pin=M1-49
Added Pin To Net: NetName=DEBUG_RX Pin=M1-50
Added Pin To Net: NetName=DEBUG_TX Pin=M1-51
Added Pin To Net: NetName=AVDD_NODIE Pin=M1-65
Added Pin To Net: NetName=FLASH_CS Pin=M1-66
Added Pin To Net: NetName=FLASH_CLK Pin=M1-67
Added Pin To Net: NetName=FLASH_DI Pin=M1-68
Added Pin To Net: NetName=FLASH_DO Pin=M1-69
Added Pin To Net: NetName=FLASH_WP Pin=M1-70
Added Pin To Net: NetName=FLASH_HOLD Pin=M1-71
Added Pin To Net: NetName=AVDD_PM_SPI Pin=M1-72
Added Pin To Net: NetName=NetM1_73 Pin=M1-73
Added Pin To Net: NetName=AVDD_RTC Pin=M1-84
Added Pin To Net: NetName=NetM1_85 Pin=M1-85
Added Pin To Net: NetName=NetM1_86 Pin=M1-86
Added Pin To Net: NetName=VDD_87_88 Pin=M1-87
Added Pin To Net: NetName=VDD_87_88 Pin=M1-88
Added Pin To Net: NetName=VDDP_1 Pin=M1-89
Added Pin To Net: NetName=VDD_96 Pin=M1-96
Added Pin To Net: NetName=VDDP_2A Pin=M1-97
Added Pin To Net: NetName=DATA_P Pin=M1-98
Added Pin To Net: NetName=DATA_N Pin=M1-99
Added Pin To Net: NetName=DATA2_P Pin=M1-100
Added Pin To Net: NetName=DATA2_N Pin=M1-101
Added Pin To Net: NetName=DATA3_P Pin=M1-102
Added Pin To Net: NetName=DATA3_N Pin=M1-103
Added Pin To Net: NetName=DATA4_P Pin=M1-104
Added Pin To Net: NetName=DATA4_N Pin=M1-105
Added Pin To Net: NetName=CLK_P Pin=M1-106
Added Pin To Net: NetName=CLK_N Pin=M1-107
Added Pin To Net: NetName=VDD_115 Pin=M1-115
Added Pin To Net: NetName=AVDD_XTAL Pin=M1-116
Added Pin To Net: NetName=VDD_120 Pin=M1-120
Added Pin To Net: NetName=VDDP_0 Pin=M1-127
Added Pin To Net: NetName=GND Pin=M1-129
Added Pin To Net: NetName=VDD_IO Pin=R2-1
Added Pin To Net: NetName=VDD_IO Pin=R3-1
Added Pin To Net: NetName=AGND Pin=R?-1
Added Pin To Net: NetName=ETH_RD+ Pin=R?-1
Added Pin To Net: NetName=ETH_TD+ Pin=R?-1
Added Pin To Net: NetName=GND Pin=R?-1
Added Pin To Net: NetName=GND Pin=R?-1
Added Pin To Net: NetName=GND Pin=R?-1
Added Pin To Net: NetName=+0.9  Pin=R?-2
Added Pin To Net: NetName=+1.5  Pin=R?-2
Added Pin To Net: NetName=+1.5  Pin=R?-2
Added Pin To Net: NetName=+1.8  Pin=R?-2
Added Pin To Net: NetName=ETH_RD- Pin=R?-2
Added Pin To Net: NetName=ETH_TD- Pin=R?-2
Added Pin To Net: NetName=GND Pin=R?-2
Added Pin To Net: NetName=GND Pin=R?-2
Added Pin To Net: NetName=GND Pin=R?-2
Added Pin To Net: NetName=CLK_N Pin=XP?-3
Added Pin To Net: NetName=GND Pin=XP?-3
Added Pin To Net: NetName=DATA4_P Pin=XP?-6
Added Pin To Net: NetName=GND Pin=XP?-7
Added Pin To Net: NetName=+12  Pin=XP?-8
Added Pin To Net: NetName=+1.8  Pin=XP?-14
Added Pin To Net: NetName=GND Pin=XP?-16
Added Pin To Net: NetName=GND Pin=XP?-S1
Added Pin To Net: NetName=GND Pin=XP?-S2
Added Pin To Net: NetName=NetM1_86 Pin=66-1
Added Pin To Net: NetName=GND Pin=66-2
Added Pin To Net: NetName=NetM1_85 Pin=67-1
Added Pin To Net: NetName=GND Pin=67-2
Added Pin To Net: NetName=NetM1_73 Pin=71-1
Added Pin To Net: NetName=GND Pin=71-2
Added Pin To Net: NetName=+0.9  Pin=?-1
Added Pin To Net: NetName=+0.9  Pin=?-1
Added Pin To Net: NetName=+0.9  Pin=?-1
Added Pin To Net: NetName=+0.9  Pin=?-1
Added Pin To Net: NetName=+0.9  Pin=?-1
Added Pin To Net: NetName=+0.9  Pin=?-1
Added Pin To Net: NetName=+0.9  Pin=?-1
Added Pin To Net: NetName=+0.9  Pin=?-1
Added Pin To Net: NetName=+0.9  Pin=?-1
Added Pin To Net: NetName=+1.5  Pin=?-1
Added Pin To Net: NetName=+1.5  Pin=?-1
Added Pin To Net: NetName=+1.5  Pin=?-1
Added Pin To Net: NetName=+1.5  Pin=?-1
Added Pin To Net: NetName=+1.5  Pin=?-1
Added Pin To Net: NetName=+1.8  Pin=?-1
Added Pin To Net: NetName=+3.3  Pin=?-1
Added Pin To Net: NetName=+3.3  Pin=?-1
Added Pin To Net: NetName=+3.3  Pin=?-1
Added Pin To Net: NetName=+3.3  Pin=?-1
Added Pin To Net: NetName=+3.3  Pin=?-1
Added Pin To Net: NetName=+3.3  Pin=?-1
Added Pin To Net: NetName=+3.3  Pin=?-1
Added Pin To Net: NetName=+3.3  Pin=?-1
Added Pin To Net: NetName=+12  Pin=?-1
Added Pin To Net: NetName=+12  Pin=?-1
Added Pin To Net: NetName=GND Pin=?-1
Added Pin To Net: NetName=GND Pin=?-1
Added Pin To Net: NetName=AGND Pin=?-2
Added Pin To Net: NetName=AGND Pin=?-2
Added Pin To Net: NetName=AGND Pin=?-2
Added Pin To Net: NetName=AGND Pin=?-2
Added Pin To Net: NetName=AGND Pin=?-2
Added Pin To Net: NetName=AGND Pin=?-2
Added Pin To Net: NetName=AGND Pin=?-2
Added Pin To Net: NetName=AGND Pin=?-2
Added Pin To Net: NetName=GND Pin=?-2
Added Pin To Net: NetName=GND Pin=?-2
Added Pin To Net: NetName=GND Pin=?-2
Added Pin To Net: NetName=GND Pin=?-2
Added Pin To Net: NetName=GND Pin=?-2
Added Pin To Net: NetName=GND Pin=?-2
Added Pin To Net: NetName=GND Pin=?-2
Added Pin To Net: NetName=GND Pin=?-2
Added Pin To Net: NetName=GND Pin=?-2
Added Pin To Net: NetName=GND Pin=?-2
Added Pin To Net: NetName=GND Pin=?-2
Added Pin To Net: NetName=GND Pin=?-2
Added Pin To Net: NetName=GND Pin=?-2
Added Pin To Net: NetName=GND Pin=?-2
Added Pin To Net: NetName=GND Pin=?-2
Added Pin To Net: NetName=GND Pin=?-2
Added Pin To Net: NetName=GND Pin=?-2
Added Pin To Net: NetName=GND Pin=?-2
Added Pin To Net: NetName=GND Pin=?-2
Added Pin To Net: NetName=GND Pin=?-2
Added Pin To Net: NetName=GND Pin=?-2
Added Pin To Net: NetName=GND Pin=?-2
Added Pin To Net: NetName=GND Pin=?-2
Added Pin To Net: NetName=GND Pin=?-2
Added Pin To Net: NetName=GND Pin=?-2
Added Pin To Net: NetName=GND Pin=?-2
Added Pin To Net: NetName=GND Pin=?-2
Added Pin To Net: NetName=GND Pin=?-2
Added Pin To Net: NetName=GND Pin=?-2
Added Pin To Net: NetName=GND Pin=?-2
Added Pin To Net: NetName=GND Pin=?-2
Added Pin To Net: NetName=GND Pin=?-2
Added Pin To Net: NetName=GND Pin=?-2
Added Pin To Net: NetName=GND Pin=?-2
Added Pin To Net: NetName=+1.1  Pin=D?-3
Added Pin To Net: NetName=+1.1  Pin=D?-4
Added Pin To Net: NetName=+1.1  Pin=R?-2
Added Pin To Net: NetName=+1.1  Pin=XP?-15
Added Pin To Net: NetName=+1.1  Pin=?-1
Added Net: Name=+1.1 
Added Pin To Net: NetName=+2.9  Pin=D?-2
Added Pin To Net: NetName=+2.9  Pin=D?-4
Added Pin To Net: NetName=+2.9  Pin=L?-1
Added Net: Name=+2.9 
Added Pin To Net: NetName=+2.9   Pin=L?-2
Added Pin To Net: NetName=+2.9   Pin=XP?-13
Added Pin To Net: NetName=+2.9   Pin=?-1
Added Net: Name=+2.9  
Added Pin To Net: NetName=+3.3    Pin=L?-2
Added Net: Name=+3.3   
Added Pin To Net: NetName=+3.3   Pin=?-1
Added Pin To Net: NetName=+3.3   Pin=?-1
Added Pin To Net: NetName=+3.3   Pin=?-1
Added Pin To Net: NetName=+3.3   Pin=?-1
Added Pin To Net: NetName=+3.3   Pin=?-1
Added Pin To Net: NetName=+3.3   Pin=?-1
Added Net: Name=+3.3  
Added Pin To Net: NetName=+5  Pin=D?-3
Added Pin To Net: NetName=+5  Pin=D?-6
Added Pin To Net: NetName=+5  Pin=D?-6
Added Pin To Net: NetName=+5  Pin=D?-8
Added Pin To Net: NetName=+5  Pin=D?-8
Added Pin To Net: NetName=+5  Pin=?-1
Added Pin To Net: NetName=+5  Pin=?-1
Added Pin To Net: NetName=+5  Pin=?-1
Added Net: Name=+5 
Added Pin To Net: NetName=I2C_SCL Pin=M1-54
Added Pin To Net: NetName=I2C_SCL Pin=R3-2
Added Pin To Net: NetName=I2C_SCL Pin=XP?-2
Added Net: Name=I2C_SCL
Added Pin To Net: NetName=I2C_SDA Pin=M1-55
Added Pin To Net: NetName=I2C_SDA Pin=R2-2
Added Pin To Net: NetName=I2C_SDA Pin=XP?-S1
Added Net: Name=I2C_SDA
Added Pin To Net: NetName=NetD?_1 Pin=D?-1
Added Pin To Net: NetName=NetD?_1 Pin=R?-1
Added Pin To Net: NetName=NetD?_1 Pin=R?-2
Added Net: Name=NetD?_1
Added Pin To Net: NetName=NetD?_2 Pin=D?-2
Added Pin To Net: NetName=NetD?_2 Pin=D?-4
Added Net: Name=NetD?_2
Added Pin To Net: NetName=NetD?_4 Pin=D?-4
Added Pin To Net: NetName=NetD?_4 Pin=?-2
Added Net: Name=NetD?_4
Added Pin To Net: NetName=NetD?_7 Pin=D?-7
Added Pin To Net: NetName=NetD?_7 Pin=R?-1
Added Net: Name=NetD?_7
Added Pin To Net: NetName=NetM1_43 Pin=M1-43
Added Pin To Net: NetName=NetM1_43 Pin=?-1
Added Net: Name=NetM1_43
Added Pin To Net: NetName=NetR?_1 Pin=R?-1
Added Net: Name=NetR?_1
Added Pin To Net: NetName=NetR?_2 Pin=R?-2
Added Pin To Net: NetName=NetR?_2 Pin=?-1
Added Net: Name=NetR?_2
Added Pin To Net: NetName=NetT?_3 Pin=?-2
Added Net: Name=NetT?_3
Added Pin To Net: NetName=NetT?_14 Pin=?-2
Added Net: Name=NetT?_14
